2026-07-21 03:01:46,356 | INFO | NYC Taxi Prediction API started successfully.
2026-07-21 03:04:52,991 | INFO | NYC Taxi Prediction API stopped.
2026-07-21 03:04:59,145 | INFO | NYC Taxi Prediction API started successfully.
2026-07-21 03:06:32,678 | INFO | NYC Taxi Prediction API stopped.
2026-07-21 03:06:35,536 | INFO | Production pipeline loaded successfully.
2026-07-21 03:06:35,558 | INFO | NYC Taxi Prediction API started successfully.
2026-07-21 03:09:02,429 | INFO | NYC Taxi Prediction API stopped.
2026-07-21 03:09:05,255 | INFO | Production pipeline loaded successfully.
2026-07-21 03:09:05,962 | INFO | Production pipeline loaded successfully.
2026-07-21 03:09:05,991 | INFO | NYC Taxi Prediction API started successfully.
2026-07-21 03:09:06,099 | INFO | NYC Taxi Prediction API stopped.
2026-07-21 03:09:08,946 | INFO | Production pipeline loaded successfully.
2026-07-21 03:09:08,968 | INFO | NYC Taxi Prediction API started successfully.
2026-07-21 03:09:09,951 | INFO | NYC Taxi Prediction API stopped.
2026-07-21 03:09:12,787 | INFO | Production pipeline loaded successfully.
2026-07-21 03:09:12,822 | INFO | NYC Taxi Prediction API started successfully.
2026-07-21 03:09:13,251 | INFO | NYC Taxi Prediction API stopped.
2026-07-21 03:09:16,432 | INFO | Production pipeline loaded successfully.
2026-07-21 03:09:16,452 | INFO | NYC Taxi Prediction API started successfully.
2026-07-21 03:09:47,464 | INFO | NYC Taxi Prediction API stopped.
2026-07-21 03:09:50,833 | INFO | Production pipeline loaded successfully.
2026-07-21 03:09:50,857 | INFO | NYC Taxi Prediction API started successfully.
2026-07-21 03:10:12,260 | INFO | Prediction request received.
2026-07-21 03:10:12,319 | INFO | Prediction completed successfully.
2026-07-21 03:10:12,319 | INFO | Prediction generated successfully: 23.83 minutes.
2026-07-21 03:13:43,536 | INFO | NYC Taxi Prediction API stopped.
2026-07-21 03:13:46,362 | INFO | Production pipeline loaded successfully.
2026-07-21 03:13:46,387 | INFO | NYC Taxi Prediction API started successfully.
2026-07-21 03:14:05,957 | INFO | NYC Taxi Prediction API stopped.
2026-07-21 03:14:27,731 | INFO | Production pipeline loaded successfully.
2026-07-21 03:14:27,751 | INFO | NYC Taxi Prediction API started successfully.
2026-07-21 03:14:45,169 | INFO | NYC Taxi Prediction API stopped.
2026-07-21 03:14:48,179 | INFO | Production pipeline loaded successfully.
2026-07-21 03:14:48,200 | INFO | NYC Taxi Prediction API started successfully.
2026-07-21 03:15:29,562 | INFO | NYC Taxi Prediction API stopped.
2026-07-21 03:19:53,764 | INFO | Production pipeline loaded successfully.
2026-07-21 03:19:57,201 | INFO | Production pipeline loaded successfully.
2026-07-21 03:19:57,218 | INFO | NYC Taxi Prediction API started successfully.
2026-07-21 03:20:27,060 | INFO | Prediction completed successfully.
2026-07-21 03:20:27,060 | INFO | Prediction endpoint completed successfully.
2026-07-21 03:22:44,766 | INFO | NYC Taxi Prediction API stopped.
